<?xml version="1.0" encoding="UTF-8"?>
<!-- Generated by org.testng.reporters.JUnitReportReporter -->
<testsuite skipped="0" hostname="Ideapad" name="com.inetBanking.testCases.TC_LoginTest_001" tests="1" failures="0" timestamp="13 Feb 2023 06:49:49 GMT" time="2.600" errors="0">
  <testcase name="logintest" time="2.600" classname="com.inetBanking.testCases.TC_LoginTest_001"/>
</testsuite> <!-- com.inetBanking.testCases.TC_LoginTest_001 -->
